[2025-12-18 15:02:27] INFO: Iniciando extração via CLI...
[2025-12-18 15:02:27] INFO: Conectado ao banco de dados com sucesso.
[2025-12-18 15:02:27] INFO: Processando: clientes
[2025-12-18 15:02:27] INFO: Executando consulta SQL para clientes...
[2025-12-18 15:02:29] INFO: Registros encontrados em clientes: 1051
[2025-12-18 15:02:29] INFO: Salvando Excel em: D:\Dev\extração\migracao_firebird\output\clientes.xlsx
[2025-12-18 15:02:32] INFO: Sucesso: clientes.xlsx gerado.
[2025-12-18 15:02:33] INFO: Processando: produtos
[2025-12-18 15:02:33] INFO: Executando consulta SQL para produtos...
[2025-12-18 15:03:18] INFO: Registros encontrados em produtos: 23562
[2025-12-18 15:03:18] INFO: Salvando Excel em: D:\Dev\extração\migracao_firebird\output\produtos.xlsx
[2025-12-18 15:04:07] INFO: Sucesso: produtos.xlsx gerado.
[2025-12-18 15:04:07] INFO: Processando: fornecedores
[2025-12-18 15:04:07] INFO: Executando consulta SQL para fornecedores...
[2025-12-18 15:04:07] INFO: Registros encontrados em fornecedores: 178
[2025-12-18 15:04:08] INFO: Salvando Excel em: D:\Dev\extração\migracao_firebird\output\fornecedores.xlsx
[2025-12-18 15:04:09] INFO: Sucesso: fornecedores.xlsx gerado.
[2025-12-18 15:04:10] INFO: Processando: entradas_saidas
[2025-12-18 15:04:10] INFO: Executando consulta SQL para entradas_saidas...
[2025-12-18 15:10:31] INFO: Registros encontrados em entradas_saidas: 226577
[2025-12-18 15:10:31] INFO: Salvando Excel em: D:\Dev\extração\migracao_firebird\output\entradas_saidas.xlsx
[2025-12-18 15:11:30] INFO: Sucesso: entradas_saidas.xlsx gerado.
[2025-12-18 15:11:30] INFO: Processando: contas_pagar
[2025-12-18 15:11:30] INFO: Executando consulta SQL para contas_pagar...
[2025-12-18 15:11:32] INFO: Registros encontrados em contas_pagar: 3180
[2025-12-18 15:11:32] INFO: Salvando Excel em: D:\Dev\extração\migracao_firebird\output\contas_pagar.xlsx
[2025-12-18 15:11:34] INFO: Sucesso: contas_pagar.xlsx gerado.
[2025-12-18 15:11:34] INFO: Processando: contas_receber
[2025-12-18 15:11:34] INFO: Executando consulta SQL para contas_receber...
[2025-12-18 15:16:36] INFO: Registros encontrados em contas_receber: 105777
[2025-12-18 15:16:36] INFO: Salvando Excel em: D:\Dev\extração\migracao_firebird\output\contas_receber.xlsx
[2025-12-18 15:17:31] INFO: Sucesso: contas_receber.xlsx gerado.
[2025-12-18 15:17:31] INFO: Conexão com o banco de dados fechada.
[2025-12-18 15:17:31] INFO: Extração CLI finalizada. Resultados na pasta output/.
[2025-12-18 15:44:50] ERROR: Erro ao conectar ao Firebird: ('Error while connecting to database:\n- SQLCODE: -902\n- I/O error during "CreateFile (open)" operation for file "/DELPHI/bd/SGCADM.FDB"\n- Error while trying to open file\n- O sistema não pode encontrar o caminho especificado. ', -902, 335544344)
[2025-12-18 15:57:11] INFO: Conectado ao banco de dados com sucesso.
[2025-12-18 15:57:11] INFO: Processando: clientes
[2025-12-18 15:57:11] INFO: Executando consulta SQL para clientes...
[2025-12-18 15:57:12] INFO: Registros encontrados em clientes: 1051
[2025-12-18 15:57:12] INFO: Salvando Excel em: D:\Dev\extração\migracao_firebird\output\clientes.xlsx
[2025-12-18 15:57:13] INFO: Sucesso: clientes.xlsx gerado.
[2025-12-18 15:57:13] INFO: Processando: produtos
[2025-12-18 15:57:13] INFO: Executando consulta SQL para produtos...
[2025-12-18 15:59:29] INFO: Registros encontrados em produtos: 23562
[2025-12-18 15:59:30] INFO: Salvando Excel em: D:\Dev\extração\migracao_firebird\output\produtos.xlsx
[2025-12-18 15:59:50] INFO: Sucesso: produtos.xlsx gerado.
[2025-12-18 15:59:50] INFO: Processando: fornecedores
[2025-12-18 15:59:50] INFO: Executando consulta SQL para fornecedores...
[2025-12-18 15:59:50] INFO: Registros encontrados em fornecedores: 178
[2025-12-18 15:59:50] INFO: Salvando Excel em: D:\Dev\extração\migracao_firebird\output\fornecedores.xlsx
[2025-12-18 15:59:50] INFO: Sucesso: fornecedores.xlsx gerado.
[2025-12-18 15:59:50] INFO: Processando: entradas_saidas
[2025-12-18 15:59:51] INFO: Executando consulta SQL para entradas_saidas...
[2025-12-18 16:06:44] INFO: Registros encontrados em entradas_saidas: 226577
[2025-12-18 16:06:44] INFO: Salvando Excel em: D:\Dev\extração\migracao_firebird\output\entradas_saidas.xlsx
[2025-12-18 16:07:54] INFO: Sucesso: entradas_saidas.xlsx gerado.
[2025-12-18 16:07:55] INFO: Processando: contas_pagar
[2025-12-18 16:07:55] INFO: Executando consulta SQL para contas_pagar...
[2025-12-18 16:07:57] INFO: Registros encontrados em contas_pagar: 3180
[2025-12-18 16:07:57] INFO: Salvando Excel em: D:\Dev\extração\migracao_firebird\output\contas_pagar.xlsx
[2025-12-18 16:07:58] INFO: Sucesso: contas_pagar.xlsx gerado.
[2025-12-18 16:07:58] INFO: Processando: contas_receber
[2025-12-18 16:07:58] INFO: Executando consulta SQL para contas_receber...
[2025-12-18 16:12:20] INFO: Registros encontrados em contas_receber: 105777
[2025-12-18 16:12:20] INFO: Salvando Excel em: D:\Dev\extração\migracao_firebird\output\contas_receber.xlsx
[2025-12-18 16:12:52] INFO: Sucesso: contas_receber.xlsx gerado.
[2025-12-18 16:12:52] INFO: Conexão com o banco de dados fechada.
[2025-12-18 16:26:40] INFO: Conectado ao banco de dados com sucesso.
[2025-12-18 16:26:40] INFO: Processando: clientes
[2025-12-18 16:26:40] INFO: Executando consulta SQL para clientes...
[2025-12-18 16:26:42] INFO: Registros encontrados em clientes: 1051
[2025-12-18 16:26:42] INFO: Salvando Excel em: D:\Dev\extração\migracao_firebird\output\clientes.xlsx
[2025-12-18 16:26:43] INFO: Sucesso: clientes.xlsx gerado.
[2025-12-18 16:26:43] INFO: Processando: produtos
[2025-12-18 16:26:43] INFO: Executando consulta SQL para produtos...
[2025-12-18 16:28:37] INFO: Registros encontrados em produtos: 23562
[2025-12-18 16:28:37] INFO: Salvando Excel em: D:\Dev\extração\migracao_firebird\output\produtos.xlsx
[2025-12-18 16:28:56] INFO: Sucesso: produtos.xlsx gerado.
[2025-12-18 16:28:56] INFO: Processando: fornecedores
[2025-12-18 16:28:56] INFO: Executando consulta SQL para fornecedores...
[2025-12-18 16:28:56] INFO: Registros encontrados em fornecedores: 178
[2025-12-18 16:28:56] INFO: Salvando Excel em: D:\Dev\extração\migracao_firebird\output\fornecedores.xlsx
[2025-12-18 16:28:56] INFO: Sucesso: fornecedores.xlsx gerado.
[2025-12-18 16:28:56] INFO: Processando: entradas_saidas
[2025-12-18 16:28:56] INFO: Executando consulta SQL para entradas_saidas...
[2025-12-18 16:30:09] INFO: Registros encontrados em entradas_saidas: 2116
[2025-12-18 16:30:09] INFO: Salvando Excel em: D:\Dev\extração\migracao_firebird\output\entradas_saidas.xlsx
[2025-12-18 16:30:10] INFO: Sucesso: entradas_saidas.xlsx gerado.
[2025-12-18 16:30:10] INFO: Processando: contas_pagar
[2025-12-18 16:30:10] INFO: Executando consulta SQL para contas_pagar...
[2025-12-18 16:30:11] INFO: Registros encontrados em contas_pagar: 0
[2025-12-18 16:30:11] WARNING: Nenhum dado retornado para contas_pagar.
[2025-12-18 16:30:11] INFO: Processando: contas_receber
[2025-12-18 16:30:11] INFO: Executando consulta SQL para contas_receber...
[2025-12-18 16:30:54] INFO: Registros encontrados em contas_receber: 1929
[2025-12-18 16:30:54] INFO: Salvando Excel em: D:\Dev\extração\migracao_firebird\output\contas_receber.xlsx
[2025-12-18 16:30:55] INFO: Sucesso: contas_receber.xlsx gerado.
[2025-12-18 16:30:55] INFO: Conexão com o banco de dados fechada.
